2011/09/20 11:09:09 [error] [php] Undefined index: SCRIPT_FILENAME (C:\wamp\www\SuperRandomForum\yii-1.1.8.r3324\framework\web\CHttpRequest.php:312)
Stack trace:
#0 C:\wamp\www\SuperRandomForum\protected\views\layouts\main.php(8): CHttpRequest->__get()
#1 C:\wamp\www\SuperRandomForum\yii-1.1.8.r3324\framework\web\CBaseController.php(119): require()
#2 C:\wamp\www\SuperRandomForum\yii-1.1.8.r3324\framework\web\CBaseController.php(88): SiteController->renderInternal()
#3 C:\wamp\www\SuperRandomForum\yii-1.1.8.r3324\framework\web\widgets\CContentDecorator.php(78): SiteController->renderFile()
#4 C:\wamp\www\SuperRandomForum\yii-1.1.8.r3324\framework\web\widgets\CContentDecorator.php(56): CContentDecorator->decorate()
#5 C:\wamp\www\SuperRandomForum\yii-1.1.8.r3324\framework\web\widgets\COutputProcessor.php(45): CContentDecorator->processOutput()
#6 C:\wamp\www\SuperRandomForum\yii-1.1.8.r3324\framework\web\CBaseController.php(199): CContentDecorator->run()
#7 C:\wamp\www\SuperRandomForum\yii-1.1.8.r3324\framework\web\CBaseController.php(294): SiteController->endWidget()
#8 C:\wamp\www\SuperRandomForum\protected\views\layouts\column1.php(7): SiteController->endContent()
#9 C:\wamp\www\SuperRandomForum\yii-1.1.8.r3324\framework\web\CBaseController.php(119): require()
#10 C:\wamp\www\SuperRandomForum\yii-1.1.8.r3324\framework\web\CBaseController.php(88): SiteController->renderInternal()
#11 C:\wamp\www\SuperRandomForum\yii-1.1.8.r3324\framework\web\CController.php(781): SiteController->renderFile()
#12 C:\wamp\www\SuperRandomForum\protected\controllers\SiteController.php(32): SiteController->render()
#13 C:\wamp\www\SuperRandomForum\yii-1.1.8.r3324\framework\web\actions\CInlineAction.php(50): SiteController->actionIndex()
#14 C:\wamp\www\SuperRandomForum\yii-1.1.8.r3324\framework\web\CController.php(300): CInlineAction->runWithParams()
#15 C:\wamp\www\SuperRandomForum\yii-1.1.8.r3324\framework\web\CController.php(278): SiteController->runAction()
#16 C:\wamp\www\SuperRandomForum\yii-1.1.8.r3324\framework\web\CController.php(257): SiteController->runActionWithFilters()
#17 C:\wamp\www\SuperRandomForum\yii-1.1.8.r3324\framework\web\CWebApplication.php(277): SiteController->run()
#18 C:\wamp\www\SuperRandomForum\yii-1.1.8.r3324\framework\web\CWebApplication.php(136): CWebApplication->runController()
#19 C:\wamp\www\SuperRandomForum\yii-1.1.8.r3324\framework\base\CApplication.php(158): CWebApplication->processRequest()
#20 C:\wamp\www\SuperRandomForum\index.php(13): CWebApplication->run()

in C:\wamp\www\SuperRandomForum\protected\views\layouts\main.php (8)
in C:\wamp\www\SuperRandomForum\protected\views\layouts\column1.php (7)
in C:\wamp\www\SuperRandomForum\protected\controllers\SiteController.php (32)
2011/09/20 11:12:14 [error] [php] Undefined index: SCRIPT_FILENAME (C:\wamp\www\SuperRandomForum\yii-1.1.8.r3324\framework\web\CHttpRequest.php:312)
Stack trace:
#0 C:\wamp\www\SuperRandomForum\protected\views\layouts\main.php(8): CHttpRequest->__get()
#1 C:\wamp\www\SuperRandomForum\yii-1.1.8.r3324\framework\web\CBaseController.php(119): require()
#2 C:\wamp\www\SuperRandomForum\yii-1.1.8.r3324\framework\web\CBaseController.php(88): SiteController->renderInternal()
#3 C:\wamp\www\SuperRandomForum\yii-1.1.8.r3324\framework\web\widgets\CContentDecorator.php(78): SiteController->renderFile()
#4 C:\wamp\www\SuperRandomForum\yii-1.1.8.r3324\framework\web\widgets\CContentDecorator.php(56): CContentDecorator->decorate()
#5 C:\wamp\www\SuperRandomForum\yii-1.1.8.r3324\framework\web\widgets\COutputProcessor.php(45): CContentDecorator->processOutput()
#6 C:\wamp\www\SuperRandomForum\yii-1.1.8.r3324\framework\web\CBaseController.php(199): CContentDecorator->run()
#7 C:\wamp\www\SuperRandomForum\yii-1.1.8.r3324\framework\web\CBaseController.php(294): SiteController->endWidget()
#8 C:\wamp\www\SuperRandomForum\protected\views\layouts\column1.php(7): SiteController->endContent()
#9 C:\wamp\www\SuperRandomForum\yii-1.1.8.r3324\framework\web\CBaseController.php(119): require()
#10 C:\wamp\www\SuperRandomForum\yii-1.1.8.r3324\framework\web\CBaseController.php(88): SiteController->renderInternal()
#11 C:\wamp\www\SuperRandomForum\yii-1.1.8.r3324\framework\web\CController.php(781): SiteController->renderFile()
#12 C:\wamp\www\SuperRandomForum\protected\controllers\SiteController.php(32): SiteController->render()
#13 C:\wamp\www\SuperRandomForum\yii-1.1.8.r3324\framework\web\actions\CInlineAction.php(50): SiteController->actionIndex()
#14 C:\wamp\www\SuperRandomForum\yii-1.1.8.r3324\framework\web\CController.php(300): CInlineAction->runWithParams()
#15 C:\wamp\www\SuperRandomForum\yii-1.1.8.r3324\framework\web\CController.php(278): SiteController->runAction()
#16 C:\wamp\www\SuperRandomForum\yii-1.1.8.r3324\framework\web\CController.php(257): SiteController->runActionWithFilters()
#17 C:\wamp\www\SuperRandomForum\yii-1.1.8.r3324\framework\web\CWebApplication.php(277): SiteController->run()
#18 C:\wamp\www\SuperRandomForum\yii-1.1.8.r3324\framework\web\CWebApplication.php(136): CWebApplication->runController()
#19 C:\wamp\www\SuperRandomForum\yii-1.1.8.r3324\framework\base\CApplication.php(158): CWebApplication->processRequest()
#20 C:\wamp\www\SuperRandomForum\index.php(13): CWebApplication->run()

in C:\wamp\www\SuperRandomForum\protected\views\layouts\main.php (8)
in C:\wamp\www\SuperRandomForum\protected\views\layouts\column1.php (7)
in C:\wamp\www\SuperRandomForum\protected\controllers\SiteController.php (32)
2011/09/20 11:12:25 [error] [php] Undefined index: SCRIPT_FILENAME (C:\wamp\www\SuperRandomForum\yii-1.1.8.r3324\framework\web\CHttpRequest.php:312)
Stack trace:
#0 C:\wamp\www\SuperRandomForum\protected\views\layouts\main.php(8): CHttpRequest->__get()
#1 C:\wamp\www\SuperRandomForum\yii-1.1.8.r3324\framework\web\CBaseController.php(119): require()
#2 C:\wamp\www\SuperRandomForum\yii-1.1.8.r3324\framework\web\CBaseController.php(88): SiteController->renderInternal()
#3 C:\wamp\www\SuperRandomForum\yii-1.1.8.r3324\framework\web\widgets\CContentDecorator.php(78): SiteController->renderFile()
#4 C:\wamp\www\SuperRandomForum\yii-1.1.8.r3324\framework\web\widgets\CContentDecorator.php(56): CContentDecorator->decorate()
#5 C:\wamp\www\SuperRandomForum\yii-1.1.8.r3324\framework\web\widgets\COutputProcessor.php(45): CContentDecorator->processOutput()
#6 C:\wamp\www\SuperRandomForum\yii-1.1.8.r3324\framework\web\CBaseController.php(199): CContentDecorator->run()
#7 C:\wamp\www\SuperRandomForum\yii-1.1.8.r3324\framework\web\CBaseController.php(294): SiteController->endWidget()
#8 C:\wamp\www\SuperRandomForum\protected\views\layouts\column1.php(7): SiteController->endContent()
#9 C:\wamp\www\SuperRandomForum\yii-1.1.8.r3324\framework\web\CBaseController.php(119): require()
#10 C:\wamp\www\SuperRandomForum\yii-1.1.8.r3324\framework\web\CBaseController.php(88): SiteController->renderInternal()
#11 C:\wamp\www\SuperRandomForum\yii-1.1.8.r3324\framework\web\CController.php(781): SiteController->renderFile()
#12 C:\wamp\www\SuperRandomForum\protected\controllers\SiteController.php(32): SiteController->render()
#13 C:\wamp\www\SuperRandomForum\yii-1.1.8.r3324\framework\web\actions\CInlineAction.php(50): SiteController->actionIndex()
#14 C:\wamp\www\SuperRandomForum\yii-1.1.8.r3324\framework\web\CController.php(300): CInlineAction->runWithParams()
#15 C:\wamp\www\SuperRandomForum\yii-1.1.8.r3324\framework\web\CController.php(278): SiteController->runAction()
#16 C:\wamp\www\SuperRandomForum\yii-1.1.8.r3324\framework\web\CController.php(257): SiteController->runActionWithFilters()
#17 C:\wamp\www\SuperRandomForum\yii-1.1.8.r3324\framework\web\CWebApplication.php(277): SiteController->run()
#18 C:\wamp\www\SuperRandomForum\yii-1.1.8.r3324\framework\web\CWebApplication.php(136): CWebApplication->runController()
#19 C:\wamp\www\SuperRandomForum\yii-1.1.8.r3324\framework\base\CApplication.php(158): CWebApplication->processRequest()
#20 C:\wamp\www\SuperRandomForum\index.php(13): CWebApplication->run()

in C:\wamp\www\SuperRandomForum\protected\views\layouts\main.php (8)
in C:\wamp\www\SuperRandomForum\protected\views\layouts\column1.php (7)
in C:\wamp\www\SuperRandomForum\protected\controllers\SiteController.php (32)
2011/09/23 23:36:09 [error] [system.db.CDbCommand] CDbCommand::fetchAll() failed: SQLSTATE[42S02]: Base table or view not found: 1146 Table 'superrandomforum.private_messages' doesn't exist. The SQL statement executed was: SHOW COLUMNS FROM `Private_Messages`.
in C:\wamp\www\SuperRandomForum\index.php (13)
2011/09/23 23:40:33 [error] [exception.CHttpException.404] exception 'CHttpException' with message 'Unable to resolve the request "userdf".' in C:\wamp\www\SuperRandomForum\yii-1.1.8.r3324\framework\web\CWebApplication.php:281
Stack trace:
#0 C:\wamp\www\SuperRandomForum\yii-1.1.8.r3324\framework\web\CWebApplication.php(136): CWebApplication->runController('userdf')
#1 C:\wamp\www\SuperRandomForum\yii-1.1.8.r3324\framework\base\CApplication.php(158): CWebApplication->processRequest()
#2 C:\wamp\www\SuperRandomForum\index.php(13): CApplication->run()
#3 {main} REQUEST_URI=/SuperRandomForum/index.php?r=userdf
2011/09/24 03:07:08 [error] [php] Undefined index: SCRIPT_FILENAME (C:\wamp\www\SuperRandomForum\yii-1.1.8.r3324\framework\web\CHttpRequest.php:312)
Stack trace:
#0 C:\wamp\www\SuperRandomForum\protected\views\layouts\main.php(8): CHttpRequest->__get()
#1 C:\wamp\www\SuperRandomForum\yii-1.1.8.r3324\framework\web\CBaseController.php(119): require()
#2 C:\wamp\www\SuperRandomForum\yii-1.1.8.r3324\framework\web\CBaseController.php(88): SiteController->renderInternal()
#3 C:\wamp\www\SuperRandomForum\yii-1.1.8.r3324\framework\web\widgets\CContentDecorator.php(78): SiteController->renderFile()
#4 C:\wamp\www\SuperRandomForum\yii-1.1.8.r3324\framework\web\widgets\CContentDecorator.php(56): CContentDecorator->decorate()
#5 C:\wamp\www\SuperRandomForum\yii-1.1.8.r3324\framework\web\widgets\COutputProcessor.php(45): CContentDecorator->processOutput()
#6 C:\wamp\www\SuperRandomForum\yii-1.1.8.r3324\framework\web\CBaseController.php(199): CContentDecorator->run()
#7 C:\wamp\www\SuperRandomForum\yii-1.1.8.r3324\framework\web\CBaseController.php(294): SiteController->endWidget()
#8 C:\wamp\www\SuperRandomForum\protected\views\layouts\column1.php(7): SiteController->endContent()
#9 C:\wamp\www\SuperRandomForum\yii-1.1.8.r3324\framework\web\CBaseController.php(119): require()
#10 C:\wamp\www\SuperRandomForum\yii-1.1.8.r3324\framework\web\CBaseController.php(88): SiteController->renderInternal()
#11 C:\wamp\www\SuperRandomForum\yii-1.1.8.r3324\framework\web\CController.php(781): SiteController->renderFile()
#12 C:\wamp\www\SuperRandomForum\protected\controllers\SiteController.php(32): SiteController->render()
#13 C:\wamp\www\SuperRandomForum\yii-1.1.8.r3324\framework\web\actions\CInlineAction.php(50): SiteController->actionIndex()
#14 C:\wamp\www\SuperRandomForum\yii-1.1.8.r3324\framework\web\CController.php(300): CInlineAction->runWithParams()
#15 C:\wamp\www\SuperRandomForum\yii-1.1.8.r3324\framework\web\CController.php(278): SiteController->runAction()
#16 C:\wamp\www\SuperRandomForum\yii-1.1.8.r3324\framework\web\CController.php(257): SiteController->runActionWithFilters()
#17 C:\wamp\www\SuperRandomForum\yii-1.1.8.r3324\framework\web\CWebApplication.php(277): SiteController->run()
#18 C:\wamp\www\SuperRandomForum\yii-1.1.8.r3324\framework\web\CWebApplication.php(136): CWebApplication->runController()
#19 C:\wamp\www\SuperRandomForum\yii-1.1.8.r3324\framework\base\CApplication.php(158): CWebApplication->processRequest()
#20 C:\wamp\www\SuperRandomForum\index.php(13): CWebApplication->run()

in C:\wamp\www\SuperRandomForum\protected\views\layouts\main.php (8)
in C:\wamp\www\SuperRandomForum\protected\views\layouts\column1.php (7)
in C:\wamp\www\SuperRandomForum\protected\controllers\SiteController.php (32)
